LSP Notebooks experiment is disabled -- not using Pylance
Failed to load message bundle. See console for details.
[ERROR 2022-5-11 10:50:56.310]: [
  'Failed to activate a workspace, Class name = f, completed in 64ms, has a falsy return value, Arg 1: <Uri:/home/w/Documents/Test/module_1.ipynb>, Return Value: undefined',
  [Error: Extension 'ms-python.python' CANNOT use API proposal: testObserver.
  Its package.json#enabledApiProposals-property declares:  but NOT testObserver.
   The missing proposal MUST be added and you must start in extension development mode or use the following command line switch: --enable-proposed-api ms-python.python
  	at f (/usr/lib/code/out/vs/workbench/api/node/extensionHostProcess.js:81:64186)
  	at Object.get testResults [as testResults] (/usr/lib/code/out/vs/workbench/api/node/extensionHostProcess.js:97:33907)
  	at E.activate (/home/w/.vscode-oss/extensions/ms-python.python-2022.8.0/out/client/extension.js:2:712395)
  	at /home/w/.vscode-oss/extensions/ms-python.python-2022.8.0/out/client/extension.js:2:2515
  	at Array.map (<anonymous>)
  	at f.activateWorkspace (/home/w/.vscode-oss/extensions/ms-python.python-2022.8.0/out/client/extension.js:2:2505)
  	at processTicksAndRejections (node:internal/process/task_queues:96:5)]
]
[ERROR 2022-5-11 10:50:56.318]: Failure during activation. [Error: Extension 'ms-python.python' CANNOT use API proposal: testObserver.
Its package.json#enabledApiProposals-property declares:  but NOT testObserver.
 The missing proposal MUST be added and you must start in extension development mode or use the following command line switch: --enable-proposed-api ms-python.python
	at f (/usr/lib/code/out/vs/workbench/api/node/extensionHostProcess.js:81:64186)
	at Object.get testResults [as testResults] (/usr/lib/code/out/vs/workbench/api/node/extensionHostProcess.js:97:33907)
	at E.activate (/home/w/.vscode-oss/extensions/ms-python.python-2022.8.0/out/client/extension.js:2:712395)
	at /home/w/.vscode-oss/extensions/ms-python.python-2022.8.0/out/client/extension.js:2:2515
	at Array.map (<anonymous>)
	at f.activateWorkspace (/home/w/.vscode-oss/extensions/ms-python.python-2022.8.0/out/client/extension.js:2:2505)
	at processTicksAndRejections (node:internal/process/task_queues:96:5)]
[ERROR 2022-5-11 10:50:56.319]: sendStartupTelemetry() failed. [Error: Extension 'ms-python.python' CANNOT use API proposal: testObserver.
Its package.json#enabledApiProposals-property declares:  but NOT testObserver.
 The missing proposal MUST be added and you must start in extension development mode or use the following command line switch: --enable-proposed-api ms-python.python
	at f (/usr/lib/code/out/vs/workbench/api/node/extensionHostProcess.js:81:64186)
	at Object.get testResults [as testResults] (/usr/lib/code/out/vs/workbench/api/node/extensionHostProcess.js:97:33907)
	at E.activate (/home/w/.vscode-oss/extensions/ms-python.python-2022.8.0/out/client/extension.js:2:712395)
	at /home/w/.vscode-oss/extensions/ms-python.python-2022.8.0/out/client/extension.js:2:2515
	at Array.map (<anonymous>)
	at f.activateWorkspace (/home/w/.vscode-oss/extensions/ms-python.python-2022.8.0/out/client/extension.js:2:2505)
	at processTicksAndRejections (node:internal/process/task_queues:96:5)]
Failed to load message bundle. See console for details.
DAP Server launched with command: /bin/python /home/w/.vscode-oss/extensions/ms-python.python-2022.8.0/pythonFiles/lib/python/debugpy/adapter
DAP Server launched with command: /bin/python /home/w/.vscode-oss/extensions/ms-python.python-2022.8.0/pythonFiles/lib/python/debugpy/adapter
