[2022-06-11 10:37:13.153] [renderer1] [critical] Extension 'ms-toolsai.jupyter CANNOT USE these API proposals 'notebookControllerKind, notebookDebugOptions, notebookDeprecated, notebookEditor, notebookEditorDecorationType, notebookEditorEdit, notebookMessaging, notebookMime, notebookCellExecutionState, portsAttributes, quickPickSortByLabel'. You MUST start in extension development mode or use the --enable-proposed-api command line flag
[2022-06-11 10:37:13.201] [renderer1] [error] [ms-toolsai.jupyter]: interactive/toolbar is a proposed menu identifier. It requires 'package.json#enabledApiProposals: ["notebookEditor"]' and is only available when running out of dev or with the following command line switch: --enable-proposed-api ms-toolsai.jupyter
[2022-06-11 10:37:13.205] [renderer1] [error] [ms-toolsai.jupyter]: interactive/cell/title is a proposed menu identifier. It requires 'package.json#enabledApiProposals: ["notebookEditor"]' and is only available when running out of dev or with the following command line switch: --enable-proposed-api ms-toolsai.jupyter
[2022-06-11 10:37:15.465] [renderer1] [error] [Extension Host] extension activation failed Error: Extension 'ms-toolsai.jupyter' CANNOT use API proposal: notebookEditor.
Its package.json#enabledApiProposals-property declares:  but NOT notebookEditor.
 The missing proposal MUST be added and you must start in extension development mode or use the following command line switch: --enable-proposed-api ms-toolsai.jupyter
	at f (/usr/lib/code/out/vs/workbench/api/node/extensionHostProcess.js:81:64186)
	at Object.get onDidChangeVisibleNotebookEditors [as onDidChangeVisibleNotebookEditors] (/usr/lib/code/out/vs/workbench/api/node/extensionHostProcess.js:97:43896)
	at new l (/home/w/.vscode-oss/extensions/ms-toolsai.jupyter-2022.5.1001290443/out/extension.node.js:2:736536)
	at Object.t.resolveInstance (/home/w/.vscode-oss/extensions/ms-toolsai.jupyter-2022.5.1001290443/out/extension.node.js:2:2939177)
	at /home/w/.vscode-oss/extensions/ms-toolsai.jupyter-2022.5.1001290443/out/extension.node.js:2:2941115
	at Array.map (<anonymous>)
	at Object.t.resolveInstance (/home/w/.vscode-oss/extensions/ms-toolsai.jupyter-2022.5.1001290443/out/extension.node.js:2:2938951)
	at /home/w/.vscode-oss/extensions/ms-toolsai.jupyter-2022.5.1001290443/out/extension.node.js:2:2941115
	at Object.t.resolve (/home/w/.vscode-oss/extensions/ms-toolsai.jupyter-2022.5.1001290443/out/extension.node.js:2:2941378)
	at /home/w/.vscode-oss/extensions/ms-toolsai.jupyter-2022.5.1001290443/out/extension.node.js:2:2924791
	at e._get (/home/w/.vscode-oss/extensions/ms-toolsai.jupyter-2022.5.1001290443/out/extension.node.js:2:2924557)
	at e.get (/home/w/.vscode-oss/extensions/ms-toolsai.jupyter-2022.5.1001290443/out/extension.node.js:2:2923200)
	at e.dynamicValue (/home/w/.vscode-oss/extensions/ms-toolsai.jupyter-2022.5.1001290443/out/extension.node.js:2:2946777)
	at /home/w/.vscode-oss/extensions/ms-toolsai.jupyter-2022.5.1001290443/out/extension.node.js:2:2940604
	at c (/home/w/.vscode-oss/extensions/ms-toolsai.jupyter-2022.5.1001290443/out/extension.node.js:2:2939620)
	at /home/w/.vscode-oss/extensions/ms-toolsai.jupyter-2022.5.1001290443/out/extension.node.js:2:2940544
	at /home/w/.vscode-oss/extensions/ms-toolsai.jupyter-2022.5.1001290443/out/extension.node.js:2:2940033
	at Array.map (<anonymous>)
	at /home/w/.vscode-oss/extensions/ms-toolsai.jupyter-2022.5.1001290443/out/extension.node.js:2:2940005
	at Array.map (<anonymous>)
	at Object.t.resolveInstance (/home/w/.vscode-oss/extensions/ms-toolsai.jupyter-2022.5.1001290443/out/extension.node.js:2:2938951)
	at /home/w/.vscode-oss/extensions/ms-toolsai.jupyter-2022.5.1001290443/out/extension.node.js:2:2941115
	at Object.t.resolve (/home/w/.vscode-oss/extensions/ms-toolsai.jupyter-2022.5.1001290443/out/extension.node.js:2:2941378)
	at /home/w/.vscode-oss/extensions/ms-toolsai.jupyter-2022.5.1001290443/out/extension.node.js:2:2924791
	at e._get (/home/w/.vscode-oss/extensions/ms-toolsai.jupyter-2022.5.1001290443/out/extension.node.js:2:2924557)
	at e.get (/home/w/.vscode-oss/extensions/ms-toolsai.jupyter-2022.5.1001290443/out/extension.node.js:2:2923200)
	at a.get (/home/w/.vscode-oss/extensions/ms-toolsai.jupyter-2022.5.1001290443/out/extension.node.js:2:1022764)
	at /home/w/.vscode-oss/extensions/ms-toolsai.jupyter-2022.5.1001290443/out/extension.node.js:2:4812935
	at processTicksAndRejections (node:internal/process/task_queues:96:5)
